<testsuite failures="0" name="src/test/java/testing/Authtoken.feature" skipped="0" tests="1" time="1.897245">
  <testcase classname="src.test.java.testing.Authtoken" name="1" time="1.897245">
    <system-out>* print tokenID ........................................................... passed
Given header Authorization = 'Bearer'+tokenID ............................. passed
Given url baseUrl+'/public/v1/users' ...................................... passed
And path '30' ............................................................. passed
When method GET ........................................................... passed
Then status 200 ........................................................... passed
* print response .......................................................... passed</system-out>
  </testcase>
</testsuite>
